c:\users\jw\source\repos\plabcalculator\plabcalculator\debug\vc141.pdb
c:\users\jw\source\repos\plabcalculator\plabcalculator\debug\vc141.idb
c:\users\jw\source\repos\plabcalculator\plabcalculator\debug\main.obj
c:\users\jw\source\repos\plabcalculator\debug\plabcalculator.pdb
c:\users\jw\source\repos\plabcalculator\plabcalculator\debug\plabcalculator.tlog\cl.command.1.tlog
c:\users\jw\source\repos\plabcalculator\plabcalculator\debug\plabcalculator.tlog\cl.read.1.tlog
c:\users\jw\source\repos\plabcalculator\plabcalculator\debug\plabcalculator.tlog\cl.write.1.tlog
c:\users\jw\source\repos\plabcalculator\plabcalculator\debug\plabcalculator.tlog\link-cvtres.read.1.tlog
c:\users\jw\source\repos\plabcalculator\plabcalculator\debug\plabcalculator.tlog\link-cvtres.write.1.tlog
c:\users\jw\source\repos\plabcalculator\plabcalculator\debug\plabcalculator.tlog\link-rc.read.1.tlog
c:\users\jw\source\repos\plabcalculator\plabcalculator\debug\plabcalculator.tlog\link-rc.write.1.tlog
c:\users\jw\source\repos\plabcalculator\plabcalculator\debug\plabcalculator.tlog\link.5004-cvtres.read.1.tlog
c:\users\jw\source\repos\plabcalculator\plabcalculator\debug\plabcalculator.tlog\link.5004-cvtres.write.1.tlog
c:\users\jw\source\repos\plabcalculator\plabcalculator\debug\plabcalculator.tlog\link.5004-rc.read.1.tlog
c:\users\jw\source\repos\plabcalculator\plabcalculator\debug\plabcalculator.tlog\link.5004-rc.write.1.tlog
c:\users\jw\source\repos\plabcalculator\plabcalculator\debug\plabcalculator.tlog\link.5004.read.1.tlog
c:\users\jw\source\repos\plabcalculator\plabcalculator\debug\plabcalculator.tlog\link.5004.write.1.tlog
c:\users\jw\source\repos\plabcalculator\plabcalculator\debug\plabcalculator.tlog\link.command.1.tlog
c:\users\jw\source\repos\plabcalculator\plabcalculator\debug\plabcalculator.tlog\link.read.1.tlog
c:\users\jw\source\repos\plabcalculator\plabcalculator\debug\plabcalculator.tlog\link.write.1.tlog
